\BOOKMARK [0][]{chapter.1}{\376\377\0001\000\040\210\114\122\027\137\017}{}% 1
\BOOKMARK [1][]{section.1.1}{\376\377\0001\000.\0001\000\040\210\114\122\027\137\017\166\204\151\202\137\365}{chapter.1}% 2
\BOOKMARK [2][]{subsection.1.1.1}{\376\377\0001\000.\0001\000.\0001\000\040\220\006\136\217\145\160}{section.1.1}% 3
\BOOKMARK [2][]{subsection.1.1.2}{\376\377\0001\000.\0001\000.\0002\000\040\000n\226\066\210\114\122\027\137\017\173\227\154\325}{section.1.1}% 4
\BOOKMARK [1][]{section.1.2}{\376\377\0001\000.\0002\000\040\210\114\122\027\137\017\166\204\140\047\215\050}{chapter.1}% 5
\BOOKMARK [1][]{section.1.3}{\376\377\0001\000.\0003\000\040\210\114\122\027\137\017\166\204\213\241\173\227}{chapter.1}% 6
\BOOKMARK [1][]{section.1.4}{\376\377\0001\000.\0004\000\040\210\114\122\027\137\017\166\204\134\125\137\000\133\232\164\006}{chapter.1}% 7
\BOOKMARK [1][]{section.1.5}{\376\377\0001\000.\0005\000\040\203\003\137\267\204\231\210\114\122\027\137\017}{chapter.1}% 8
\BOOKMARK [2][]{subsection.1.5.1}{\376\377\0001\000.\0005\000.\0001\000\040\121\340\116\052\221\315\211\201\210\114\122\027\137\017}{section.1.5}% 9
\BOOKMARK [1][]{section.1.6}{\376\377\0001\000.\0006\000\040\121\113\203\261\236\330\154\325\122\031}{chapter.1}% 10
\BOOKMARK [0][]{chapter.2}{\376\377\0002\000\040\167\351\226\065}{}% 11
\BOOKMARK [1][]{section.2.1}{\376\377\0002\000.\0001\000\040\167\351\226\065\166\204\133\232\116\111}{chapter.2}% 12
\BOOKMARK [2][]{subsection.2.1.1}{\376\377\0002\000.\0001\000.\0001\000\040\124\014\127\213\167\351\226\065\116\016\167\351\226\065\166\370\173\111}{section.2.1}% 13
\BOOKMARK [2][]{subsection.2.1.2}{\376\377\0002\000.\0001\000.\0002\000\040\162\171\153\212\166\204\167\351\226\065}{section.2.1}% 14
\BOOKMARK [1][]{section.2.2}{\376\377\0002\000.\0002\000\040\167\351\226\065\166\204\217\320\173\227}{chapter.2}% 15
\BOOKMARK [2][]{subsection.2.2.1}{\376\377\0002\000.\0002\000.\0001\000\040\167\351\226\065\166\204\122\240\154\325}{section.2.2}% 16
\BOOKMARK [2][]{subsection.2.2.2}{\376\377\0002\000.\0002\000.\0002\000\040\167\351\226\065\166\204\145\160\221\317\116\130\154\325}{section.2.2}% 17
\BOOKMARK [2][]{subsection.2.2.3}{\376\377\0002\000.\0002\000.\0003\000\040\167\351\226\065\166\204\116\130\154\325}{section.2.2}% 18
\BOOKMARK [2][]{subsection.2.2.4}{\376\377\0002\000.\0002\000.\0004\000\040\145\271\226\065\166\204\136\102}{section.2.2}% 19
\BOOKMARK [2][]{subsection.2.2.5}{\376\377\0002\000.\0002\000.\0005\000\040\167\351\226\065\166\204\217\154\177\156\060\001\133\371\171\360\167\351\226\065}{section.2.2}% 20
\BOOKMARK [2][]{subsection.2.2.6}{\376\377\0002\000.\0002\000.\0006\000\040\133\371\171\360\167\351\226\065\060\001\123\315\133\371\171\360\167\351\226\065}{section.2.2}% 21
\BOOKMARK [2][]{subsection.2.2.7}{\376\377\0002\000.\0002\000.\0007\000\040\145\271\226\065\166\204\210\114\122\027\137\017}{section.2.2}% 22
\BOOKMARK [1][]{section.2.3}{\376\377\0002\000.\0003\000\040\220\006\167\351\226\065}{chapter.2}% 23
\BOOKMARK [1][]{section.2.4}{\376\377\0002\000.\0004\000\040\167\351\226\065\166\204\122\035\173\111\123\330\143\142\124\214\122\035\173\111\167\351\226\065}{chapter.2}% 24
\BOOKMARK [2][]{subsection.2.4.1}{\376\377\0002\000.\0004\000.\0001\000\040\122\035\173\111\123\330\143\142}{section.2.4}% 25
\BOOKMARK [2][]{subsection.2.4.2}{\376\377\0002\000.\0004\000.\0002\000\040\122\035\173\111\167\351\226\065}{section.2.4}% 26
\BOOKMARK [2][]{subsection.2.4.3}{\376\377\0002\000.\0004\000.\0003\000\040\136\070\211\301\122\035\173\111\167\351\226\065}{section.2.4}% 27
\BOOKMARK [2][]{subsection.2.4.4}{\376\377\0002\000.\0004\000.\0004\000\040\122\051\165\050\122\035\173\111\123\330\143\142\154\102\220\006\167\351\226\065}{section.2.4}% 28
\BOOKMARK [2][]{subsection.2.4.5}{\376\377\0002\000.\0004\000.\0005\000\040\210\114\226\066\150\257\167\351\226\065}{section.2.4}% 29
\BOOKMARK [2][]{subsection.2.4.6}{\376\377\0002\000.\0004\000.\0006\000\040\210\114\147\000\173\200\137\142\167\351\226\065}{section.2.4}% 30
\BOOKMARK [1][]{section.2.5}{\376\377\0002\000.\0005\000\040\122\006\127\127\167\351\226\065}{chapter.2}% 31
\BOOKMARK [2][]{subsection.2.5.1}{\376\377\0002\000.\0005\000.\0001\000\040\122\006\127\127\167\351\226\065\217\320\173\227}{section.2.5}% 32
\BOOKMARK [2][]{subsection.2.5.2}{\376\377\0002\000.\0005\000.\0002\000\040\136\070\211\301\166\204\122\006\127\127\137\142\137\017}{section.2.5}% 33
\BOOKMARK [0][]{chapter.3}{\376\377\0003\000\040\124\021\221\317}{}% 34
\BOOKMARK [1][]{section.3.1}{\376\377\0003\000.\0001\000\040\000n\176\364\124\021\221\317\166\204\151\202\137\365\116\016\217\320\173\227}{chapter.3}% 35
\BOOKMARK [1][]{section.3.2}{\376\377\0003\000.\0002\000\040\176\277\140\047\176\304\124\010\060\001\176\277\140\047\210\150\121\372}{chapter.3}% 36
\BOOKMARK [1][]{section.3.3}{\376\377\0003\000.\0003\000\040\176\277\140\047\166\370\121\163\140\047}{chapter.3}% 37
\BOOKMARK [1][]{section.3.4}{\376\377\0003\000.\0004\000\040\124\021\221\317\176\304\166\204\147\201\131\047\145\340\121\163\176\304}{chapter.3}% 38
\BOOKMARK [1][]{section.3.5}{\376\377\0003\000.\0005\000\040\167\351\226\065\166\204\171\351}{chapter.3}% 39
\BOOKMARK [1][]{section.3.6}{\376\377\0003\000.\0006\000\040\124\021\221\317\172\172\225\364}{chapter.3}% 40
\BOOKMARK [0][]{chapter.4}{\376\377\0004\000\040\176\277\140\047\145\271\172\013\176\304}{}% 41
\BOOKMARK [1][]{section.4.1}{\376\377\0004\000.\0001\000\040\176\277\140\047\145\271\172\013\176\304\166\204\116\011\171\315\210\150\217\276\137\142\137\017\060\001\211\343\116\016\220\032\211\343}{chapter.4}% 42
\BOOKMARK [1][]{section.4.2}{\376\377\0004\000.\0002\000\040\237\120\153\041\176\277\140\047\145\271\172\013\176\304\147\011\227\136\226\366\211\343\166\204\147\141\116\366\123\312\211\343\166\204\176\323\147\204}{chapter.4}% 43
\BOOKMARK [1][]{section.4.3}{\376\377\0004\000.\0003\000\040\227\136\237\120\153\041\145\271\172\013\176\304\147\011\211\343\166\204\147\141\116\366\123\312\211\343\166\204\176\323\147\204}{chapter.4}% 44
\BOOKMARK [0][]{chapter.5}{\376\377\0005\000\040\162\171\137\201\120\074\060\001\162\171\137\201\124\021\221\317\060\001\166\370\117\074\133\371\211\322\123\026}{}% 45
\BOOKMARK [1][]{section.5.1}{\376\377\0005\000.\0001\000\040\145\271\226\065\166\204\162\171\137\201\120\074\124\214\162\171\137\201\124\021\221\317}{chapter.5}% 46
\BOOKMARK [1][]{section.5.2}{\376\377\0005\000.\0002\000\040\166\370\117\074\167\351\226\065\166\204\151\202\137\365\116\016\140\047\215\050\060\001\145\271\226\065\133\371\211\322\123\026\166\204\147\141\116\366}{chapter.5}% 47
\BOOKMARK [1][]{section.5.3}{\376\377\0005\000.\0003\000\040\122\044\145\255\167\351\226\065\000A\146\057\124\046\123\357\166\370\117\074\133\371\211\322\123\026\166\204\211\343\230\230\153\145\232\244}{chapter.5}% 48
\BOOKMARK [1][]{section.5.4}{\376\377\0005\000.\0004\000\040\133\236\133\371\171\360\167\351\226\065\166\204\166\370\117\074\133\371\211\322\123\026}{chapter.5}% 49
\BOOKMARK [0][]{chapter.6}{\376\377\0006\000\040\116\214\153\041\127\213}{}% 50
\BOOKMARK [1][]{section.6.1}{\376\377\0006\000.\0001\000\040\116\214\153\041\127\213\166\204\133\232\116\111\060\001\167\351\226\065\210\150\171\072\060\001\150\007\121\306\137\142}{chapter.6}% 51
\BOOKMARK [1][]{section.6.2}{\376\377\0006\000.\0002\000\040\123\026\116\214\153\041\127\213\116\072\150\007\121\306\127\213}{chapter.6}% 52
\BOOKMARK [1][]{section.6.3}{\376\377\0006\000.\0003\000\040\140\357\140\047\133\232\164\006\060\001\153\143\133\232\116\214\153\041\127\213\060\001\215\037\116\214\153\041\127\213}{chapter.6}% 53
\BOOKMARK [0][]{chapter.7}{\376\377\0007\000\040\000E\000l\000e\000g\000a\000n\000t\000B\000o\000o\000k\000\040\121\231\117\134\171\072\117\213}{}% 54
\BOOKMARK [1][]{section.7.1}{\376\377\0007\000.\0001\000\040\000L\000e\000b\000e\000s\000g\000u\000e\000\040\171\357\122\006}{chapter.7}% 55
\BOOKMARK [2][]{subsection.7.1.1}{\376\377\0007\000.\0001\000.\0001\000\040\171\357\122\006\166\204\133\232\116\111}{section.7.1}% 56
\BOOKMARK [1][]{section*.3}{\376\377\176\303\116\140}{chapter.7}% 57
\BOOKMARK [0][]{chapter.8}{\376\377\0008\000\040\136\070\211\301\225\356\230\230\226\306}{}% 58
\BOOKMARK [0][]{appendix.A}{\376\377\000A\000\040\127\372\147\054\145\160\133\146\135\345\121\167}{}% 59
\BOOKMARK [1][]{section.A.1}{\376\377\000A\000.\0001\000\040\154\102\124\214\173\227\133\120\116\016\143\317\217\360\176\337\213\241\221\317}{appendix.A}% 60
